<?xml version="1.0" encoding="UTF-8"?>
<!-- Generated by org.testng.reporters.JUnitReportReporter -->
<testsuite name="com.test.learning.multithread.MultiThreadTest" tests="10" time="0.032" ignored="1" failures="0" timestamp="26 一月 2021 14:28:03 GMT" skipped="0" hostname="WIN10-20180414V" errors="0">
  <testcase name="test1" time="0.000" classname="com.test.learning.multithread.MultiThreadTest"/>
  <testcase name="test1" time="0.000" classname="com.test.learning.multithread.MultiThreadTest"/>
  <testcase name="test1" time="0.000" classname="com.test.learning.multithread.MultiThreadTest"/>
  <testcase name="test1" time="0.000" classname="com.test.learning.multithread.MultiThreadTest"/>
  <testcase name="test1" time="0.000" classname="com.test.learning.multithread.MultiThreadTest"/>
  <testcase name="test1" time="0.000" classname="com.test.learning.multithread.MultiThreadTest"/>
  <testcase name="test1" time="0.016" classname="com.test.learning.multithread.MultiThreadTest"/>
  <testcase name="test1" time="0.000" classname="com.test.learning.multithread.MultiThreadTest"/>
  <testcase name="test1" time="0.016" classname="com.test.learning.multithread.MultiThreadTest"/>
  <testcase name="test1" time="0.000" classname="com.test.learning.multithread.MultiThreadTest"/>
  <testcase name="ignoreTestTwo" classname="com.test.learning.IgnoreTest">
    <skipped/>
  </testcase> <!-- ignoreTestTwo -->
</testsuite> <!-- com.test.learning.multithread.MultiThreadTest -->
