<?xml version="1.0" encoding="UTF-8"?>
<!-- Generated by org.testng.reporters.JUnitReportReporter -->
<testsuite name="com.test.learning.suit.PayTest" tests="1" time="0.000" ignored="1" failures="0" timestamp="26 一月 2021 14:28:03 GMT" skipped="0" hostname="WIN10-20180414V" errors="0">
  <testcase name="paySuccess" time="0.000" classname="com.test.learning.suit.PayTest"/>
  <testcase name="ignoreTestTwo" classname="com.test.learning.IgnoreTest">
    <skipped/>
  </testcase> <!-- ignoreTestTwo -->
</testsuite> <!-- com.test.learning.suit.PayTest -->
